{"contracts/Lottery.sol":{"l":{"51":3,"52":3,"53":3,"54":3,"55":3,"56":3,"57":3,"58":3,"62":15,"63":1,"65":14,"66":1,"68":13,"69":13,"84":10,"85":10,"86":10,"87":10,"88":10,"89":10,"93":6,"95":6,"96":1,"102":5,"103":5,"110":5,"114":1,"115":1,"116":1,"117":1,"118":1,"119":1,"120":1,"121":1,"122":0,"124":1,"129":4,"133":0,"137":0,"141":1,"145":2,"149":2,"153":14,"157":14,"161":0},"path":"/home/anshu/Documents/Web3/hardhat-practise/contracts/Lottery.sol","s":{"1":15,"2":14,"3":13,"4":13,"5":10,"6":10,"7":10,"8":10,"9":10,"10":6,"11":6,"12":5,"13":5,"14":1,"15":1,"16":1,"17":1,"18":1,"19":4,"20":0,"21":0,"22":1,"23":2,"24":2,"25":14,"26":14,"27":0},"b":{"1":[1,14],"2":[1,13],"3":[1,5],"4":[0,1]},"f":{"1":3,"2":15,"3":10,"4":6,"5":1,"6":4,"7":0,"8":0,"9":1,"10":2,"11":2,"12":14,"13":14,"14":0},"fnMap":{"1":{"name":"constructor","line":50,"loc":{"start":{"line":43,"column":4},"end":{"line":59,"column":4}}},"2":{"name":"enterLottery","line":61,"loc":{"start":{"line":61,"column":4},"end":{"line":70,"column":4}}},"3":{"name":"checkUpkeep","line":81,"loc":{"start":{"line":81,"column":4},"end":{"line":90,"column":4}}},"4":{"name":"performUpkeep","line":92,"loc":{"start":{"line":92,"column":4},"end":{"line":111,"column":4}}},"5":{"name":"fulfillRandomWords","line":113,"loc":{"start":{"line":113,"column":4},"end":{"line":125,"column":4}}},"6":{"name":"getLotteryState","line":128,"loc":{"start":{"line":128,"column":4},"end":{"line":130,"column":4}}},"7":{"name":"getNumWords","line":132,"loc":{"start":{"line":132,"column":4},"end":{"line":134,"column":4}}},"8":{"name":"getRequestConfirmations","line":136,"loc":{"start":{"line":136,"column":4},"end":{"line":138,"column":4}}},"9":{"name":"getRecentWinner","line":140,"loc":{"start":{"line":140,"column":4},"end":{"line":142,"column":4}}},"10":{"name":"getPlayer","line":144,"loc":{"start":{"line":144,"column":4},"end":{"line":146,"column":4}}},"11":{"name":"getLastTimeStamp","line":148,"loc":{"start":{"line":148,"column":4},"end":{"line":150,"column":4}}},"12":{"name":"getInterval","line":152,"loc":{"start":{"line":152,"column":4},"end":{"line":154,"column":4}}},"13":{"name":"getEntranceFee","line":156,"loc":{"start":{"line":156,"column":4},"end":{"line":158,"column":4}}},"14":{"name":"getNumberOfPlayers","line":160,"loc":{"start":{"line":160,"column":4},"end":{"line":162,"column":4}}}},"statementMap":{"1":{"start":{"line":62,"column":8},"end":{"line":62,"column":2182}},"2":{"start":{"line":65,"column":8},"end":{"line":65,"column":2287}},"3":{"start":{"line":68,"column":8},"end":{"line":68,"column":42}},"4":{"start":{"line":69,"column":8},"end":{"line":69,"column":37}},"5":{"start":{"line":84,"column":8},"end":{"line":84,"column":57}},"6":{"start":{"line":85,"column":8},"end":{"line":85,"column":76}},"7":{"start":{"line":86,"column":8},"end":{"line":86,"column":46}},"8":{"start":{"line":87,"column":8},"end":{"line":87,"column":51}},"9":{"start":{"line":89,"column":8},"end":{"line":89,"column":36}},"10":{"start":{"line":93,"column":8},"end":{"line":93,"column":47}},"11":{"start":{"line":95,"column":8},"end":{"line":95,"column":3563}},"12":{"start":{"line":103,"column":8},"end":{"line":103,"column":3827}},"13":{"start":{"line":110,"column":8},"end":{"line":110,"column":46}},"14":{"start":{"line":114,"column":8},"end":{"line":114,"column":65}},"15":{"start":{"line":115,"column":8},"end":{"line":115,"column":63}},"16":{"start":{"line":120,"column":8},"end":{"line":120,"column":78}},"17":{"start":{"line":121,"column":8},"end":{"line":121,"column":4574}},"18":{"start":{"line":124,"column":8},"end":{"line":124,"column":39}},"19":{"start":{"line":129,"column":8},"end":{"line":129,"column":29}},"20":{"start":{"line":133,"column":8},"end":{"line":133,"column":24}},"21":{"start":{"line":137,"column":8},"end":{"line":137,"column":36}},"22":{"start":{"line":141,"column":8},"end":{"line":141,"column":29}},"23":{"start":{"line":145,"column":8},"end":{"line":145,"column":31}},"24":{"start":{"line":149,"column":8},"end":{"line":149,"column":30}},"25":{"start":{"line":153,"column":8},"end":{"line":153,"column":25}},"26":{"start":{"line":157,"column":8},"end":{"line":157,"column":28}},"27":{"start":{"line":161,"column":8},"end":{"line":161,"column":31}}},"branchMap":{"1":{"line":62,"type":"if","locations":[{"start":{"line":62,"column":8},"end":{"line":62,"column":8}},{"start":{"line":62,"column":8},"end":{"line":62,"column":8}}]},"2":{"line":65,"type":"if","locations":[{"start":{"line":65,"column":8},"end":{"line":65,"column":8}},{"start":{"line":65,"column":8},"end":{"line":65,"column":8}}]},"3":{"line":95,"type":"if","locations":[{"start":{"line":95,"column":8},"end":{"line":95,"column":8}},{"start":{"line":95,"column":8},"end":{"line":95,"column":8}}]},"4":{"line":121,"type":"if","locations":[{"start":{"line":121,"column":8},"end":{"line":121,"column":8}},{"start":{"line":121,"column":8},"end":{"line":121,"column":8}}]}}},"contracts/test/VRFCoordinatorV2Mock.sol":{"l":{},"path":"/home/anshu/Documents/Web3/hardhat-practise/contracts/test/VRFCoordinatorV2Mock.sol","s":{},"b":{},"f":{},"fnMap":{},"statementMap":{},"branchMap":{}}}